<?xml version="1.0" encoding="UTF-8"?>
<!-- Generated by org.testng.reporters.JUnitReportReporter -->
<testsuite hostname="DESKTOP-CJA0QNI" failures="0" tests="1" name="com.silverlakes.test.LoginUITest" time="5.961" errors="0" timestamp="2024-10-18T09:18:07 BST" skipped="0">
  <testcase classname="com.silverlakes.test.LoginUITest" name="titleTest" time="5.961"/>
</testsuite> <!-- com.silverlakes.test.LoginUITest -->
