<?xml version="1.0" encoding="UTF-8"?>
<!-- Generated by org.testng.reporters.JUnitReportReporter -->
<testsuite hostname="DESKTOP-CJA0QNI" failures="0" tests="2" name="com.silverlakes.test.LoginUITest" time="10.803" errors="0" timestamp="2024-10-17T03:01:27 BST" skipped="0">
  <testcase classname="com.silverlakes.test.LoginUITest" name="appDescriptionTest" time="5.695"/>
  <testcase classname="com.silverlakes.test.LoginUITest" name="titleTest" time="5.108"/>
</testsuite> <!-- com.silverlakes.test.LoginUITest -->
