<?xml version="1.0" encoding="UTF-8"?>
<!-- Generated by org.testng.reporters.JUnitReportReporter -->
<testsuite hostname="DESKTOP-CJA0QNI" failures="0" tests="2" name="com.silverlakes.test.LoginTest" time="129.085" errors="0" timestamp="2024-10-18T07:36:27 BST" skipped="0">
  <testcase classname="com.silverlakes.test.LoginTest" name="invalidLoginTest" time="74.729"/>
  <testcase classname="com.silverlakes.test.LoginTest" name="invalidLoginTest" time="54.356"/>
</testsuite> <!-- com.silverlakes.test.LoginTest -->
